[2023-06-26 16:57:04] production.ERROR: Argument 3 passed to Lcobucci\JWT\Signer\Hmac::doVerify() must be an instance of Lcobucci\JWT\Signer\Key, null given, called in E:\www\red\redcn\vendor\lcobucci\jwt\src\Signer\BaseSigner.php on line 44 {"exception":"[object] (TypeError(code: 0): Argument 3 passed to Lcobucci\\JWT\\Signer\\Hmac::doVerify() must be an instance of Lcobucci\\JWT\\Signer\\Key, null given, called in E:\\www\\red\\redcn\\vendor\\lcobucci\\jwt\\src\\Signer\\BaseSigner.php on line 44 at E:\\www\\red\\redcn\\vendor\\lcobucci\\jwt\\src\\Signer\\Hmac.php:29)
[stacktrace]
#0 E:\\www\\red\\redcn\\vendor\\lcobucci\\jwt\\src\\Signer\\BaseSigner.php(44): Lcobucci\\JWT\\Signer\\Hmac->doVerify('MGbKpE\\x1Efr\\x9A\\xA9QK\\xE9\\xEB...', 'eyJ0eXAiOiJKV1Q...', NULL)
#1 E:\\www\\red\\redcn\\vendor\\lcobucci\\jwt\\src\\Signature.php(49): Lcobucci\\JWT\\Signer\\BaseSigner->verify('MGbKpE\\x1Efr\\x9A\\xA9QK\\xE9\\xEB...', 'eyJ0eXAiOiJKV1Q...', NULL)
#2 E:\\www\\red\\redcn\\vendor\\lcobucci\\jwt\\src\\Token.php(202): Lcobucci\\JWT\\Signature->verify(Object(Lcobucci\\JWT\\Signer\\Hmac\\Sha256), 'eyJ0eXAiOiJKV1Q...', NULL)
#3 E:\\www\\red\\redcn\\vendor\\tymon\\jwt-auth\\src\\Providers\\JWT\\Lcobucci.php(136): Lcobucci\\JWT\\Token->verify(Object(Lcobucci\\JWT\\Signer\\Hmac\\Sha256), NULL)
#4 E:\\www\\red\\redcn\\vendor\\tymon\\jwt-auth\\src\\Manager.php(101): Tymon\\JWTAuth\\Providers\\JWT\\Lcobucci->decode('eyJ0eXAiOiJKV1Q...')
#5 E:\\www\\red\\redcn\\vendor\\tymon\\jwt-auth\\src\\JWT.php(200): Tymon\\JWTAuth\\Manager->decode(Object(Tymon\\JWTAuth\\Token))
#6 E:\\www\\red\\redcn\\vendor\\tymon\\jwt-auth\\src\\JWT.php(136): Tymon\\JWTAuth\\JWT->getPayload()
#7 E:\\www\\red\\redcn\\vendor\\tymon\\jwt-auth\\src\\JWT.php(149): Tymon\\JWTAuth\\JWT->checkOrFail()
#8 E:\\www\\red\\redcn\\vendor\\tymon\\jwt-auth\\src\\JWTGuard.php(79): Tymon\\JWTAuth\\JWT->check(true)
#9 E:\\www\\red\\redcn\\vendor\\laravel\\framework\\src\\Illuminate\\Auth\\GuardHelpers.php(60): Tymon\\JWTAuth\\JWTGuard->user()
#10 E:\\www\\red\\redcn\\app\\Http\\Middleware\\ApiUserMiddleware.php(23): Tymon\\JWTAuth\\JWTGuard->check()
#11 E:\\www\\red\\redcn\\vendor\\laravel\\framework\\src\\Illuminate\\Pipeline\\Pipeline.php(167): App\\Http\\Middleware\\ApiUserMiddleware->handle(Object(Illuminate\\Http\\Request), Object(Closure))
#12 E:\\www\\red\\redcn\\app\\Http\\Middleware\\ApiMiddleware.php(25): Illuminate\\Pipeline\\Pipeline->Illuminate\\Pipeline\\{closure}(Object(Illuminate\\Http\\Request))
#13 E:\\www\\red\\redcn\\vendor\\laravel\\framework\\src\\Illuminate\\Pipeline\\Pipeline.php(167): App\\Http\\Middleware\\ApiMiddleware->handle(Object(Illuminate\\Http\\Request), Object(Closure))
#14 E:\\www\\red\\redcn\\vendor\\laravel\\framework\\src\\Illuminate\\Routing\\Middleware\\SubstituteBindings.php(50): Illuminate\\Pipeline\\Pipeline->Illuminate\\Pipeline\\{closure}(Object(Illuminate\\Http\\Request))
#15 E:\\www\\red\\redcn\\vendor\\laravel\\framework\\src\\Illuminate\\Pipeline\\Pipeline.php(167): Illuminate\\Routing\\Middleware\\SubstituteBindings->handle(Object(Illuminate\\Http\\Request), Object(Closure))
#16 E:\\www\\red\\redcn\\vendor\\laravel\\framework\\src\\Illuminate\\Routing\\Middleware\\ThrottleRequests.php(127): Illuminate\\Pipeline\\Pipeline->Illuminate\\Pipeline\\{closure}(Object(Illuminate\\Http\\Request))
#17 E:\\www\\red\\redcn\\vendor\\laravel\\framework\\src\\Illuminate\\Routing\\Middleware\\ThrottleRequests.php(63): Illuminate\\Routing\\Middleware\\ThrottleRequests->handleRequest(Object(Illuminate\\Http\\Request), Object(Closure), Array)
#18 E:\\www\\red\\redcn\\vendor\\laravel\\framework\\src\\Illuminate\\Pipeline\\Pipeline.php(167): Illuminate\\Routing\\Middleware\\ThrottleRequests->handle(Object(Illuminate\\Http\\Request), Object(Closure), '60', '1')
#19 E:\\www\\red\\redcn\\vendor\\laravel\\framework\\src\\Illuminate\\Pipeline\\Pipeline.php(103): Illuminate\\Pipeline\\Pipeline->Illuminate\\Pipeline\\{closure}(Object(Illuminate\\Http\\Request))
#20 E:\\www\\red\\redcn\\vendor\\laravel\\framework\\src\\Illuminate\\Routing\\Router.php(723): Illuminate\\Pipeline\\Pipeline->then(Object(Closure))
#21 E:\\www\\red\\redcn\\vendor\\laravel\\framework\\src\\Illuminate\\Routing\\Router.php(698): Illuminate\\Routing\\Router->runRouteWithinStack(Object(Illuminate\\Routing\\Route), Object(Illuminate\\Http\\Request))
#22 E:\\www\\red\\redcn\\vendor\\laravel\\framework\\src\\Illuminate\\Routing\\Router.php(662): Illuminate\\Routing\\Router->runRoute(Object(Illuminate\\Http\\Request), Object(Illuminate\\Routing\\Route))
#23 E:\\www\\red\\redcn\\vendor\\laravel\\framework\\src\\Illuminate\\Routing\\Router.php(651): Illuminate\\Routing\\Router->dispatchToRoute(Object(Illuminate\\Http\\Request))
#24 E:\\www\\red\\redcn\\vendor\\laravel\\framework\\src\\Illuminate\\Foundation\\Http\\Kernel.php(167): Illuminate\\Routing\\Router->dispatch(Object(Illuminate\\Http\\Request))
#25 E:\\www\\red\\redcn\\vendor\\laravel\\framework\\src\\Illuminate\\Pipeline\\Pipeline.php(128): Illuminate\\Foundation\\Http\\Kernel->Illuminate\\Foundation\\Http\\{closure}(Object(Illuminate\\Http\\Request))
#26 E:\\www\\red\\redcn\\vendor\\laravel\\framework\\src\\Illuminate\\Foundation\\Http\\Middleware\\TransformsRequest.php(21): Illuminate\\Pipeline\\Pipeline->Illuminate\\Pipeline\\{closure}(Object(Illuminate\\Http\\Request))
#27 E:\\www\\red\\redcn\\vendor\\laravel\\framework\\src\\Illuminate\\Foundation\\Http\\Middleware\\ConvertEmptyStringsToNull.php(31): Illuminate\\Foundation\\Http\\Middleware\\TransformsRequest->handle(Object(Illuminate\\Http\\Request), Object(Closure))
#28 E:\\www\\red\\redcn\\vendor\\laravel\\framework\\src\\Illuminate\\Pipeline\\Pipeline.php(167): Illuminate\\Foundation\\Http\\Middleware\\ConvertEmptyStringsToNull->handle(Object(Illuminate\\Http\\Request), Object(Closure))
#29 E:\\www\\red\\redcn\\vendor\\laravel\\framework\\src\\Illuminate\\Foundation\\Http\\Middleware\\TransformsRequest.php(21): Illuminate\\Pipeline\\Pipeline->Illuminate\\Pipeline\\{closure}(Object(Illuminate\\Http\\Request))
#30 E:\\www\\red\\redcn\\vendor\\laravel\\framework\\src\\Illuminate\\Foundation\\Http\\Middleware\\TrimStrings.php(40): Illuminate\\Foundation\\Http\\Middleware\\TransformsRequest->handle(Object(Illuminate\\Http\\Request), Object(Closure))
#31 E:\\www\\red\\redcn\\vendor\\laravel\\framework\\src\\Illuminate\\Pipeline\\Pipeline.php(167): Illuminate\\Foundation\\Http\\Middleware\\TrimStrings->handle(Object(Illuminate\\Http\\Request), Object(Closure))
#32 E:\\www\\red\\redcn\\vendor\\laravel\\framework\\src\\Illuminate\\Foundation\\Http\\Middleware\\ValidatePostSize.php(27): Illuminate\\Pipeline\\Pipeline->Illuminate\\Pipeline\\{closure}(Object(Illuminate\\Http\\Request))
#33 E:\\www\\red\\redcn\\vendor\\laravel\\framework\\src\\Illuminate\\Pipeline\\Pipeline.php(167): Illuminate\\Foundation\\Http\\Middleware\\ValidatePostSize->handle(Object(Illuminate\\Http\\Request), Object(Closure))
#34 E:\\www\\red\\redcn\\vendor\\laravel\\framework\\src\\Illuminate\\Foundation\\Http\\Middleware\\PreventRequestsDuringMaintenance.php(86): Illuminate\\Pipeline\\Pipeline->Illuminate\\Pipeline\\{closure}(Object(Illuminate\\Http\\Request))
#35 E:\\www\\red\\redcn\\vendor\\laravel\\framework\\src\\Illuminate\\Pipeline\\Pipeline.php(167): Illuminate\\Foundation\\Http\\Middleware\\PreventRequestsDuringMaintenance->handle(Object(Illuminate\\Http\\Request), Object(Closure))
#36 E:\\www\\red\\redcn\\vendor\\laravel\\framework\\src\\Illuminate\\Http\\Middleware\\TrustProxies.php(39): Illuminate\\Pipeline\\Pipeline->Illuminate\\Pipeline\\{closure}(Object(Illuminate\\Http\\Request))
#37 E:\\www\\red\\redcn\\vendor\\laravel\\framework\\src\\Illuminate\\Pipeline\\Pipeline.php(167): Illuminate\\Http\\Middleware\\TrustProxies->handle(Object(Illuminate\\Http\\Request), Object(Closure))
#38 E:\\www\\red\\redcn\\vendor\\laravel\\framework\\src\\Illuminate\\Pipeline\\Pipeline.php(103): Illuminate\\Pipeline\\Pipeline->Illuminate\\Pipeline\\{closure}(Object(Illuminate\\Http\\Request))
#39 E:\\www\\red\\redcn\\vendor\\laravel\\framework\\src\\Illuminate\\Foundation\\Http\\Kernel.php(142): Illuminate\\Pipeline\\Pipeline->then(Object(Closure))
#40 E:\\www\\red\\redcn\\vendor\\laravel\\framework\\src\\Illuminate\\Foundation\\Http\\Kernel.php(111): Illuminate\\Foundation\\Http\\Kernel->sendRequestThroughRouter(Object(Illuminate\\Http\\Request))
#41 E:\\www\\red\\redcn\\public\\index.php(52): Illuminate\\Foundation\\Http\\Kernel->handle(Object(Illuminate\\Http\\Request))
#42 E:\\www\\red\\redcn\\server.php(21): require_once('E:\\\\www\\\\red\\\\redc...')
#43 {main}
"} 
[2023-06-26 16:57:16] production.ERROR: Argument 3 passed to Lcobucci\JWT\Signer\Hmac::doVerify() must be an instance of Lcobucci\JWT\Signer\Key, null given, called in E:\www\red\redcn\vendor\lcobucci\jwt\src\Signer\BaseSigner.php on line 44 {"exception":"[object] (TypeError(code: 0): Argument 3 passed to Lcobucci\\JWT\\Signer\\Hmac::doVerify() must be an instance of Lcobucci\\JWT\\Signer\\Key, null given, called in E:\\www\\red\\redcn\\vendor\\lcobucci\\jwt\\src\\Signer\\BaseSigner.php on line 44 at E:\\www\\red\\redcn\\vendor\\lcobucci\\jwt\\src\\Signer\\Hmac.php:29)
[stacktrace]
#0 E:\\www\\red\\redcn\\vendor\\lcobucci\\jwt\\src\\Signer\\BaseSigner.php(44): Lcobucci\\JWT\\Signer\\Hmac->doVerify('\\xF3d\\x87\\xEA\\xDB\\x85\\f5\\xDA\\xB8\\eY\\vZ\\x94...', 'eyJ0eXAiOiJKV1Q...', NULL)
#1 E:\\www\\red\\redcn\\vendor\\lcobucci\\jwt\\src\\Signature.php(49): Lcobucci\\JWT\\Signer\\BaseSigner->verify('\\xF3d\\x87\\xEA\\xDB\\x85\\f5\\xDA\\xB8\\eY\\vZ\\x94...', 'eyJ0eXAiOiJKV1Q...', NULL)
#2 E:\\www\\red\\redcn\\vendor\\lcobucci\\jwt\\src\\Token.php(202): Lcobucci\\JWT\\Signature->verify(Object(Lcobucci\\JWT\\Signer\\Hmac\\Sha256), 'eyJ0eXAiOiJKV1Q...', NULL)
#3 E:\\www\\red\\redcn\\vendor\\tymon\\jwt-auth\\src\\Providers\\JWT\\Lcobucci.php(136): Lcobucci\\JWT\\Token->verify(Object(Lcobucci\\JWT\\Signer\\Hmac\\Sha256), NULL)
#4 E:\\www\\red\\redcn\\vendor\\tymon\\jwt-auth\\src\\Manager.php(101): Tymon\\JWTAuth\\Providers\\JWT\\Lcobucci->decode('eyJ0eXAiOiJKV1Q...')
#5 E:\\www\\red\\redcn\\vendor\\tymon\\jwt-auth\\src\\JWT.php(200): Tymon\\JWTAuth\\Manager->decode(Object(Tymon\\JWTAuth\\Token))
#6 E:\\www\\red\\redcn\\vendor\\tymon\\jwt-auth\\src\\JWT.php(136): Tymon\\JWTAuth\\JWT->getPayload()
#7 E:\\www\\red\\redcn\\vendor\\tymon\\jwt-auth\\src\\JWT.php(149): Tymon\\JWTAuth\\JWT->checkOrFail()
#8 E:\\www\\red\\redcn\\vendor\\tymon\\jwt-auth\\src\\JWTGuard.php(79): Tymon\\JWTAuth\\JWT->check(true)
#9 E:\\www\\red\\redcn\\vendor\\laravel\\framework\\src\\Illuminate\\Auth\\GuardHelpers.php(60): Tymon\\JWTAuth\\JWTGuard->user()
#10 E:\\www\\red\\redcn\\app\\Http\\Middleware\\ApiUserMiddleware.php(23): Tymon\\JWTAuth\\JWTGuard->check()
#11 E:\\www\\red\\redcn\\vendor\\laravel\\framework\\src\\Illuminate\\Pipeline\\Pipeline.php(167): App\\Http\\Middleware\\ApiUserMiddleware->handle(Object(Illuminate\\Http\\Request), Object(Closure))
#12 E:\\www\\red\\redcn\\app\\Http\\Middleware\\ApiMiddleware.php(25): Illuminate\\Pipeline\\Pipeline->Illuminate\\Pipeline\\{closure}(Object(Illuminate\\Http\\Request))
#13 E:\\www\\red\\redcn\\vendor\\laravel\\framework\\src\\Illuminate\\Pipeline\\Pipeline.php(167): App\\Http\\Middleware\\ApiMiddleware->handle(Object(Illuminate\\Http\\Request), Object(Closure))
#14 E:\\www\\red\\redcn\\vendor\\laravel\\framework\\src\\Illuminate\\Routing\\Middleware\\SubstituteBindings.php(50): Illuminate\\Pipeline\\Pipeline->Illuminate\\Pipeline\\{closure}(Object(Illuminate\\Http\\Request))
#15 E:\\www\\red\\redcn\\vendor\\laravel\\framework\\src\\Illuminate\\Pipeline\\Pipeline.php(167): Illuminate\\Routing\\Middleware\\SubstituteBindings->handle(Object(Illuminate\\Http\\Request), Object(Closure))
#16 E:\\www\\red\\redcn\\vendor\\laravel\\framework\\src\\Illuminate\\Routing\\Middleware\\ThrottleRequests.php(127): Illuminate\\Pipeline\\Pipeline->Illuminate\\Pipeline\\{closure}(Object(Illuminate\\Http\\Request))
#17 E:\\www\\red\\redcn\\vendor\\laravel\\framework\\src\\Illuminate\\Routing\\Middleware\\ThrottleRequests.php(63): Illuminate\\Routing\\Middleware\\ThrottleRequests->handleRequest(Object(Illuminate\\Http\\Request), Object(Closure), Array)
#18 E:\\www\\red\\redcn\\vendor\\laravel\\framework\\src\\Illuminate\\Pipeline\\Pipeline.php(167): Illuminate\\Routing\\Middleware\\ThrottleRequests->handle(Object(Illuminate\\Http\\Request), Object(Closure), '60', '1')
#19 E:\\www\\red\\redcn\\vendor\\laravel\\framework\\src\\Illuminate\\Pipeline\\Pipeline.php(103): Illuminate\\Pipeline\\Pipeline->Illuminate\\Pipeline\\{closure}(Object(Illuminate\\Http\\Request))
#20 E:\\www\\red\\redcn\\vendor\\laravel\\framework\\src\\Illuminate\\Routing\\Router.php(723): Illuminate\\Pipeline\\Pipeline->then(Object(Closure))
#21 E:\\www\\red\\redcn\\vendor\\laravel\\framework\\src\\Illuminate\\Routing\\Router.php(698): Illuminate\\Routing\\Router->runRouteWithinStack(Object(Illuminate\\Routing\\Route), Object(Illuminate\\Http\\Request))
#22 E:\\www\\red\\redcn\\vendor\\laravel\\framework\\src\\Illuminate\\Routing\\Router.php(662): Illuminate\\Routing\\Router->runRoute(Object(Illuminate\\Http\\Request), Object(Illuminate\\Routing\\Route))
#23 E:\\www\\red\\redcn\\vendor\\laravel\\framework\\src\\Illuminate\\Routing\\Router.php(651): Illuminate\\Routing\\Router->dispatchToRoute(Object(Illuminate\\Http\\Request))
#24 E:\\www\\red\\redcn\\vendor\\laravel\\framework\\src\\Illuminate\\Foundation\\Http\\Kernel.php(167): Illuminate\\Routing\\Router->dispatch(Object(Illuminate\\Http\\Request))
#25 E:\\www\\red\\redcn\\vendor\\laravel\\framework\\src\\Illuminate\\Pipeline\\Pipeline.php(128): Illuminate\\Foundation\\Http\\Kernel->Illuminate\\Foundation\\Http\\{closure}(Object(Illuminate\\Http\\Request))
#26 E:\\www\\red\\redcn\\vendor\\laravel\\framework\\src\\Illuminate\\Foundation\\Http\\Middleware\\TransformsRequest.php(21): Illuminate\\Pipeline\\Pipeline->Illuminate\\Pipeline\\{closure}(Object(Illuminate\\Http\\Request))
#27 E:\\www\\red\\redcn\\vendor\\laravel\\framework\\src\\Illuminate\\Foundation\\Http\\Middleware\\ConvertEmptyStringsToNull.php(31): Illuminate\\Foundation\\Http\\Middleware\\TransformsRequest->handle(Object(Illuminate\\Http\\Request), Object(Closure))
#28 E:\\www\\red\\redcn\\vendor\\laravel\\framework\\src\\Illuminate\\Pipeline\\Pipeline.php(167): Illuminate\\Foundation\\Http\\Middleware\\ConvertEmptyStringsToNull->handle(Object(Illuminate\\Http\\Request), Object(Closure))
#29 E:\\www\\red\\redcn\\vendor\\laravel\\framework\\src\\Illuminate\\Foundation\\Http\\Middleware\\TransformsRequest.php(21): Illuminate\\Pipeline\\Pipeline->Illuminate\\Pipeline\\{closure}(Object(Illuminate\\Http\\Request))
#30 E:\\www\\red\\redcn\\vendor\\laravel\\framework\\src\\Illuminate\\Foundation\\Http\\Middleware\\TrimStrings.php(40): Illuminate\\Foundation\\Http\\Middleware\\TransformsRequest->handle(Object(Illuminate\\Http\\Request), Object(Closure))
#31 E:\\www\\red\\redcn\\vendor\\laravel\\framework\\src\\Illuminate\\Pipeline\\Pipeline.php(167): Illuminate\\Foundation\\Http\\Middleware\\TrimStrings->handle(Object(Illuminate\\Http\\Request), Object(Closure))
#32 E:\\www\\red\\redcn\\vendor\\laravel\\framework\\src\\Illuminate\\Foundation\\Http\\Middleware\\ValidatePostSize.php(27): Illuminate\\Pipeline\\Pipeline->Illuminate\\Pipeline\\{closure}(Object(Illuminate\\Http\\Request))
#33 E:\\www\\red\\redcn\\vendor\\laravel\\framework\\src\\Illuminate\\Pipeline\\Pipeline.php(167): Illuminate\\Foundation\\Http\\Middleware\\ValidatePostSize->handle(Object(Illuminate\\Http\\Request), Object(Closure))
#34 E:\\www\\red\\redcn\\vendor\\laravel\\framework\\src\\Illuminate\\Foundation\\Http\\Middleware\\PreventRequestsDuringMaintenance.php(86): Illuminate\\Pipeline\\Pipeline->Illuminate\\Pipeline\\{closure}(Object(Illuminate\\Http\\Request))
#35 E:\\www\\red\\redcn\\vendor\\laravel\\framework\\src\\Illuminate\\Pipeline\\Pipeline.php(167): Illuminate\\Foundation\\Http\\Middleware\\PreventRequestsDuringMaintenance->handle(Object(Illuminate\\Http\\Request), Object(Closure))
#36 E:\\www\\red\\redcn\\vendor\\laravel\\framework\\src\\Illuminate\\Http\\Middleware\\TrustProxies.php(39): Illuminate\\Pipeline\\Pipeline->Illuminate\\Pipeline\\{closure}(Object(Illuminate\\Http\\Request))
#37 E:\\www\\red\\redcn\\vendor\\laravel\\framework\\src\\Illuminate\\Pipeline\\Pipeline.php(167): Illuminate\\Http\\Middleware\\TrustProxies->handle(Object(Illuminate\\Http\\Request), Object(Closure))
#38 E:\\www\\red\\redcn\\vendor\\laravel\\framework\\src\\Illuminate\\Pipeline\\Pipeline.php(103): Illuminate\\Pipeline\\Pipeline->Illuminate\\Pipeline\\{closure}(Object(Illuminate\\Http\\Request))
#39 E:\\www\\red\\redcn\\vendor\\laravel\\framework\\src\\Illuminate\\Foundation\\Http\\Kernel.php(142): Illuminate\\Pipeline\\Pipeline->then(Object(Closure))
#40 E:\\www\\red\\redcn\\vendor\\laravel\\framework\\src\\Illuminate\\Foundation\\Http\\Kernel.php(111): Illuminate\\Foundation\\Http\\Kernel->sendRequestThroughRouter(Object(Illuminate\\Http\\Request))
#41 E:\\www\\red\\redcn\\public\\index.php(52): Illuminate\\Foundation\\Http\\Kernel->handle(Object(Illuminate\\Http\\Request))
#42 E:\\www\\red\\redcn\\server.php(21): require_once('E:\\\\www\\\\red\\\\redc...')
#43 {main}
"} 
